2025-07-14 12:08:40,036 - etl.pipeline - INFO - Starting ETL pipeline
2025-07-14 12:08:40,036 - etl.pipeline - INFO - Generating sample pension fund data
2025-07-14 12:08:40,037 - etl.pipeline - INFO - Extracting data for 5 funds from 2020-07-15 to 2025-07-14
2025-07-14 12:08:49,662 - etl.pipeline - INFO - Successfully extracted data for VTI
2025-07-14 12:08:53,404 - etl.pipeline - INFO - Successfully extracted data for VXUS
2025-07-14 12:09:01,734 - etl.pipeline - INFO - Successfully extracted data for BND
2025-07-14 12:09:06,641 - etl.pipeline - INFO - Successfully extracted data for VNQ
2025-07-14 12:09:10,959 - etl.pipeline - INFO - Successfully extracted data for GLD
2025-07-14 12:09:10,963 - etl.pipeline - INFO - Transforming fund data
2025-07-14 12:09:10,988 - etl.pipeline - INFO - Transformed data shape: (6265, 18)
2025-07-14 12:09:11,297 - etl.pipeline - INFO - Data saved to data/processed\fund_data_20250714_120910.csv
2025-07-14 12:09:11,298 - etl.pipeline - INFO - ETL pipeline completed successfully
2025-07-14 12:12:12,010 - etl.pipeline - INFO - Starting ETL pipeline
2025-07-14 12:12:12,010 - etl.pipeline - INFO - Generating sample pension fund data
2025-07-14 12:12:12,010 - etl.pipeline - INFO - Extracting data for 5 funds from 2020-07-15 to 2025-07-14
2025-07-14 12:12:17,244 - etl.pipeline - INFO - Successfully extracted data for VTI
2025-07-14 12:12:19,423 - etl.pipeline - INFO - Successfully extracted data for VXUS
2025-07-14 12:12:21,337 - etl.pipeline - INFO - Successfully extracted data for BND
2025-07-14 12:12:23,123 - etl.pipeline - INFO - Successfully extracted data for VNQ
2025-07-14 12:12:25,315 - etl.pipeline - INFO - Successfully extracted data for GLD
2025-07-14 12:12:25,317 - etl.pipeline - INFO - Transforming fund data
2025-07-14 12:12:25,329 - etl.pipeline - INFO - Transformed data shape: (6265, 18)
2025-07-14 12:12:25,806 - etl.pipeline - INFO - Data saved to data/processed\fund_data_20250714_121225.csv
2025-07-14 12:12:25,807 - etl.pipeline - INFO - ETL pipeline completed successfully
2025-07-14 12:13:18,285 - api.app - INFO - Loading fresh fund data
2025-07-14 12:13:18,286 - etl.pipeline - INFO - Starting ETL pipeline
2025-07-14 12:13:18,286 - etl.pipeline - INFO - Generating sample pension fund data
2025-07-14 12:13:18,287 - etl.pipeline - INFO - Extracting data for 5 funds from 2020-07-15 to 2025-07-14
2025-07-14 12:13:23,278 - etl.pipeline - INFO - Successfully extracted data for VTI
2025-07-14 12:13:25,380 - etl.pipeline - INFO - Successfully extracted data for VXUS
2025-07-14 12:13:27,414 - etl.pipeline - INFO - Successfully extracted data for BND
2025-07-14 12:13:28,999 - etl.pipeline - INFO - Successfully extracted data for VNQ
2025-07-14 12:13:30,854 - etl.pipeline - INFO - Successfully extracted data for GLD
2025-07-14 12:13:30,856 - etl.pipeline - INFO - Transforming fund data
2025-07-14 12:13:30,869 - etl.pipeline - INFO - Transformed data shape: (6265, 18)
2025-07-14 12:13:31,064 - etl.pipeline - INFO - Data saved to data/processed\fund_data_20250714_121330.csv
2025-07-14 12:13:31,065 - etl.pipeline - INFO - ETL pipeline completed successfully
2025-07-14 12:13:31,142 - api.app - INFO - Loaded 6265 data points
2025-07-14 12:13:31,142 - api.app - ERROR - Error in get_fund_performance: 'NoneType' object has no attribute 'analytics'
2025-07-14 12:13:33,166 - api.app - ERROR - Error in get_risk_metrics: 'NoneType' object has no attribute 'analytics'
2025-07-14 12:13:35,199 - api.app - ERROR - Error in get_anomalies: 'NoneType' object has no attribute 'analytics'
2025-07-14 12:13:37,226 - api.app - ERROR - Error in get_allocation_optimization: 'NoneType' object has no attribute 'analytics'
2025-07-14 12:13:39,254 - api.app - ERROR - Error in get_comprehensive_report: 'NoneType' object has no attribute 'analytics'
2025-07-14 12:14:16,463 - api.app - ERROR - Error in get_fund_performance: 'NoneType' object has no attribute 'analytics'
2025-07-14 12:14:18,488 - api.app - ERROR - Error in get_risk_metrics: 'NoneType' object has no attribute 'analytics'
2025-07-14 12:14:20,511 - api.app - ERROR - Error in get_anomalies: 'NoneType' object has no attribute 'analytics'
2025-07-14 12:14:22,533 - api.app - ERROR - Error in get_allocation_optimization: 'NoneType' object has no attribute 'analytics'
2025-07-14 12:14:24,563 - api.app - ERROR - Error in get_comprehensive_report: 'NoneType' object has no attribute 'analytics'
2025-07-14 12:16:10,996 - api.app - ERROR - Error in get_fund_performance: 'NoneType' object has no attribute 'analytics'
2025-07-14 12:16:13,025 - api.app - ERROR - Error in get_risk_metrics: 'NoneType' object has no attribute 'analytics'
2025-07-14 12:16:15,050 - api.app - ERROR - Error in get_anomalies: 'NoneType' object has no attribute 'analytics'
2025-07-14 12:16:17,077 - api.app - ERROR - Error in get_allocation_optimization: 'NoneType' object has no attribute 'analytics'
2025-07-14 12:16:19,102 - api.app - ERROR - Error in get_comprehensive_report: 'NoneType' object has no attribute 'analytics'
2025-07-14 12:17:33,104 - api.app - ERROR - Error in get_fund_performance: 'NoneType' object has no attribute 'analytics'
2025-07-14 12:17:35,133 - api.app - ERROR - Error in get_risk_metrics: 'NoneType' object has no attribute 'analytics'
2025-07-14 12:17:37,161 - api.app - ERROR - Error in get_anomalies: 'NoneType' object has no attribute 'analytics'
2025-07-14 12:17:39,202 - api.app - ERROR - Error in get_allocation_optimization: 'NoneType' object has no attribute 'analytics'
2025-07-14 12:17:41,228 - api.app - ERROR - Error in get_comprehensive_report: 'NoneType' object has no attribute 'analytics'
2025-07-14 12:22:14,421 - api.app - ERROR - Error in get_fund_performance: 'NoneType' object has no attribute 'analytics'
2025-07-14 12:22:16,451 - api.app - ERROR - Error in get_risk_metrics: 'NoneType' object has no attribute 'analytics'
2025-07-14 12:22:18,479 - api.app - ERROR - Error in get_anomalies: 'NoneType' object has no attribute 'analytics'
2025-07-14 12:22:20,522 - api.app - ERROR - Error in get_allocation_optimization: 'NoneType' object has no attribute 'analytics'
2025-07-14 12:22:22,552 - api.app - ERROR - Error in get_comprehensive_report: 'NoneType' object has no attribute 'analytics'
2025-07-14 12:23:05,806 - api.app - ERROR - Error in get_fund_performance: 'NoneType' object has no attribute 'analytics'
2025-07-14 12:23:07,832 - api.app - ERROR - Error in get_risk_metrics: 'NoneType' object has no attribute 'analytics'
2025-07-14 12:23:09,860 - api.app - ERROR - Error in get_anomalies: 'NoneType' object has no attribute 'analytics'
2025-07-14 12:23:11,894 - api.app - ERROR - Error in get_allocation_optimization: 'NoneType' object has no attribute 'analytics'
2025-07-14 12:23:13,933 - api.app - ERROR - Error in get_comprehensive_report: 'NoneType' object has no attribute 'analytics'
2025-07-14 12:35:29,480 - api.app - ERROR - Error in get_fund_performance: 'NoneType' object has no attribute 'analytics'
2025-07-14 12:35:54,033 - etl.pipeline - INFO - Starting ETL pipeline
2025-07-14 12:35:54,050 - etl.pipeline - INFO - Generating sample pension fund data
2025-07-14 12:35:54,051 - etl.pipeline - INFO - Extracting data for 5 funds from 2020-07-15 to 2025-07-14
2025-07-14 12:35:59,597 - etl.pipeline - INFO - Successfully extracted data for VTI
2025-07-14 12:36:01,869 - etl.pipeline - INFO - Successfully extracted data for VXUS
2025-07-14 12:36:03,703 - etl.pipeline - INFO - Successfully extracted data for BND
2025-07-14 12:36:05,710 - etl.pipeline - INFO - Successfully extracted data for VNQ
2025-07-14 12:36:07,794 - etl.pipeline - INFO - Successfully extracted data for GLD
2025-07-14 12:36:07,797 - etl.pipeline - INFO - Transforming fund data
2025-07-14 12:36:07,818 - etl.pipeline - INFO - Transformed data shape: (6265, 18)
2025-07-14 12:36:08,124 - etl.pipeline - INFO - Data saved to data/processed\fund_data_20250714_123607.csv
2025-07-14 12:36:08,124 - etl.pipeline - INFO - ETL pipeline completed successfully
2025-07-14 12:36:08,206 - analytics.risk_metrics - INFO - Generating comprehensive performance report
2025-07-14 12:36:08,213 - analytics.risk_metrics - INFO - Calculating comprehensive risk metrics
2025-07-14 12:36:08,266 - analytics.risk_metrics - INFO - Detecting anomalies in fund data
2025-07-14 12:36:09,267 - analytics.risk_metrics - INFO - Optimizing asset allocation
2025-07-14 12:36:14,144 - analytics.risk_metrics - INFO - Calculating comprehensive risk metrics
2025-07-14 12:36:14,234 - analytics.risk_metrics - INFO - Detecting anomalies in fund data
2025-07-14 12:36:14,831 - analytics.risk_metrics - INFO - Optimizing asset allocation
2025-07-14 12:36:14,859 - analytics.risk_metrics - INFO - Generating comprehensive performance report
2025-07-14 12:36:14,861 - analytics.risk_metrics - INFO - Calculating comprehensive risk metrics
2025-07-14 12:36:14,887 - analytics.risk_metrics - INFO - Detecting anomalies in fund data
2025-07-14 12:36:15,454 - analytics.risk_metrics - INFO - Optimizing asset allocation
2025-07-14 12:36:15,463 - analytics.risk_metrics - INFO - Calculating comprehensive risk metrics
2025-07-14 12:36:15,465 - analytics.risk_metrics - INFO - Detecting anomalies in fund data
2025-07-14 12:36:15,467 - analytics.risk_metrics - INFO - Optimizing asset allocation
2025-07-14 12:36:15,471 - analytics.risk_metrics - INFO - Calculating comprehensive risk metrics
2025-07-14 12:36:36,764 - api.app - INFO - Loading fresh fund data
2025-07-14 12:36:36,836 - api.app - INFO - Loaded 25 data points from sample data
2025-07-14 12:36:36,837 - analytics.risk_metrics - INFO - Detecting anomalies in fund data
2025-07-14 12:36:38,876 - analytics.risk_metrics - INFO - Optimizing asset allocation
2025-07-14 12:36:40,431 - analytics.risk_metrics - INFO - Calculating comprehensive risk metrics
2025-07-14 12:36:40,903 - analytics.risk_metrics - INFO - Generating comprehensive performance report
2025-07-14 12:36:40,904 - analytics.risk_metrics - INFO - Calculating comprehensive risk metrics
2025-07-14 12:36:40,910 - analytics.risk_metrics - INFO - Detecting anomalies in fund data
2025-07-14 12:36:40,930 - analytics.risk_metrics - INFO - Optimizing asset allocation
2025-07-14 12:36:44,594 - analytics.risk_metrics - INFO - Calculating comprehensive risk metrics
2025-07-14 12:36:46,585 - analytics.risk_metrics - INFO - Detecting anomalies in fund data
2025-07-14 13:43:11,563 - etl.pipeline - INFO - Starting ETL pipeline
2025-07-14 13:43:11,563 - etl.pipeline - INFO - Generating sample pension fund data
2025-07-14 13:43:11,563 - etl.pipeline - INFO - Extracting data for 5 funds from 2020-07-15 to 2025-07-14
2025-07-14 13:43:17,791 - etl.pipeline - INFO - Successfully extracted data for VTI
2025-07-14 13:43:19,993 - etl.pipeline - INFO - Successfully extracted data for VXUS
2025-07-14 13:43:21,791 - etl.pipeline - INFO - Successfully extracted data for BND
2025-07-14 13:43:23,770 - etl.pipeline - INFO - Successfully extracted data for VNQ
2025-07-14 13:43:25,872 - etl.pipeline - INFO - Successfully extracted data for GLD
2025-07-14 13:43:25,874 - etl.pipeline - INFO - Transforming fund data
2025-07-14 13:43:25,899 - etl.pipeline - INFO - Transformed data shape: (6265, 18)
2025-07-14 13:43:26,139 - etl.pipeline - INFO - Data saved to data/processed\fund_data_20250714_134325.csv
2025-07-14 13:43:26,139 - etl.pipeline - INFO - ETL pipeline completed successfully
2025-07-14 13:43:26,232 - analytics.risk_metrics - INFO - Generating comprehensive performance report
2025-07-14 13:43:26,241 - analytics.risk_metrics - INFO - Calculating comprehensive risk metrics
2025-07-14 13:43:26,284 - analytics.risk_metrics - INFO - Detecting anomalies in fund data
2025-07-14 13:43:27,564 - analytics.risk_metrics - INFO - Optimizing asset allocation
2025-07-14 13:46:49,124 - etl.pipeline - INFO - Starting ETL pipeline
2025-07-14 13:46:49,124 - etl.pipeline - INFO - Generating sample pension fund data
2025-07-14 13:46:49,124 - etl.pipeline - INFO - Extracting data for 5 funds from 2020-07-15 to 2025-07-14
2025-07-14 13:46:55,676 - etl.pipeline - INFO - Successfully extracted data for VTI
2025-07-14 13:46:57,852 - etl.pipeline - INFO - Successfully extracted data for VXUS
2025-07-14 13:46:59,563 - etl.pipeline - INFO - Successfully extracted data for BND
2025-07-14 13:47:01,416 - etl.pipeline - INFO - Successfully extracted data for VNQ
2025-07-14 13:47:03,370 - etl.pipeline - INFO - Successfully extracted data for GLD
2025-07-14 13:47:03,372 - etl.pipeline - INFO - Transforming fund data
2025-07-14 13:47:03,384 - etl.pipeline - INFO - Transformed data shape: (6265, 18)
2025-07-14 13:47:03,586 - etl.pipeline - INFO - Data saved to data/processed\fund_data_20250714_134703.csv
2025-07-14 13:47:03,587 - etl.pipeline - INFO - ETL pipeline completed successfully
2025-07-14 13:47:03,657 - analytics.risk_metrics - INFO - Generating comprehensive performance report
2025-07-14 13:47:03,668 - analytics.risk_metrics - INFO - Calculating comprehensive risk metrics
2025-07-14 13:47:03,710 - analytics.risk_metrics - INFO - Detecting anomalies in fund data
2025-07-14 13:47:04,675 - analytics.risk_metrics - INFO - Optimizing asset allocation
2025-07-14 13:49:22,013 - __main__ - INFO - Starting ETL pipeline
2025-07-14 13:49:22,014 - __main__ - INFO - Generating sample pension fund data
2025-07-14 13:49:22,015 - __main__ - INFO - Extracting data for 5 funds from 2020-07-15 to 2025-07-14
2025-07-14 13:49:27,055 - __main__ - INFO - Successfully extracted data for VTI
2025-07-14 13:49:29,249 - __main__ - INFO - Successfully extracted data for VXUS
2025-07-14 13:49:31,155 - __main__ - INFO - Successfully extracted data for BND
2025-07-14 13:49:32,897 - __main__ - INFO - Successfully extracted data for VNQ
2025-07-14 13:49:34,979 - __main__ - INFO - Successfully extracted data for GLD
2025-07-14 13:49:35,001 - __main__ - INFO - Transforming fund data
2025-07-14 13:49:35,021 - __main__ - INFO - Transformed data shape: (6265, 18)
2025-07-14 13:49:35,235 - __main__ - INFO - Data saved to data/processed\fund_data_20250714_134935.csv
2025-07-14 13:49:35,235 - __main__ - INFO - ETL pipeline completed successfully
2025-07-14 13:53:00,294 - etl.pipeline - INFO - Starting ETL pipeline
2025-07-14 13:53:00,295 - etl.pipeline - INFO - Generating sample pension fund data
2025-07-14 13:53:00,295 - etl.pipeline - INFO - Extracting data for 5 funds from 2020-07-15 to 2025-07-14
2025-07-14 13:53:05,977 - etl.pipeline - INFO - Successfully extracted data for VTI
2025-07-14 13:53:08,766 - etl.pipeline - INFO - Successfully extracted data for VXUS
2025-07-14 13:53:10,869 - etl.pipeline - INFO - Successfully extracted data for BND
2025-07-14 13:53:12,612 - etl.pipeline - INFO - Successfully extracted data for VNQ
2025-07-14 13:53:14,621 - etl.pipeline - INFO - Successfully extracted data for GLD
2025-07-14 13:53:14,625 - etl.pipeline - INFO - Transforming fund data
2025-07-14 13:53:14,652 - etl.pipeline - INFO - Transformed data shape: (6265, 18)
2025-07-14 13:53:15,279 - etl.pipeline - INFO - Data saved to data/processed\fund_data_20250714_135314.csv
2025-07-14 13:53:15,280 - etl.pipeline - INFO - ETL pipeline completed successfully
2025-07-14 13:58:15,981 - api.app - INFO - Loading fresh fund data
2025-07-14 13:58:16,001 - api.app - INFO - Loaded 25 data points from sample data
2025-07-14 13:58:16,001 - analytics.risk_metrics - INFO - Calculating comprehensive risk metrics
